This file contains any messages produced by compilers while
running configure, to aid debugging if configure makes a mistake.

It was created by emane-model-crc-tdma configure 0.0.1, which was
generated by GNU Autoconf 2.68.  Invocation command line was

  $ ./configure 

## --------- ##
## Platform. ##
## --------- ##

hostname = emane9
uname -m = i686
uname -r = 3.8.0-29-generic
uname -s = Linux
uname -v = #42~precise1-Ubuntu SMP Wed Aug 14 15:31:16 UTC 2013

/usr/bin/uname -p = unknown
/bin/uname -X     = unknown

/bin/arch              = unknown
/usr/bin/arch -k       = unknown
/usr/convex/getsysinfo = unknown
/usr/bin/hostinfo      = unknown
/bin/machine           = unknown
/usr/bin/oslevel       = unknown
/bin/universe          = unknown

PATH: /home/jhu/dev/emane/scripts
PATH: /home/jhu/dev/emane/src/applications/emane/.libs
PATH: /home/jhu/dev/emane/src/applications/emaneinfo/.libs
PATH: /home/jhu/dev/emane/src/applications/emanetransportd/.libs
PATH: /home/jhu/dev/emane/src/applications/emaneeventd/.libs
PATH: /home/jhu/dev/emane/src/applications/emaneeventservice/.libs
PATH: /home/jhu/dev/emane/src/emanesh/scripts
PATH: /usr/local/sbin
PATH: /usr/local/bin
PATH: /usr/sbin
PATH: /usr/bin
PATH: /sbin
PATH: /bin
PATH: /usr/games


## ----------- ##
## Core tests. ##
## ----------- ##

configure:2435: checking for a BSD-compatible install
configure:2503: result: /usr/bin/install -c
configure:2514: checking whether build environment is sane
configure:2564: result: yes
configure:2705: checking for a thread-safe mkdir -p
configure:2744: result: /bin/mkdir -p
configure:2757: checking for gawk
configure:2787: result: no
configure:2757: checking for mawk
configure:2773: found /usr/bin/mawk
configure:2784: result: mawk
configure:2795: checking whether make sets $(MAKE)
configure:2817: result: yes
configure:3010: checking for C++ compiler version
configure:3019: g++-4.7 --version >&5
g++-4.7 (Ubuntu/Linaro 4.7.3-2ubuntu1~12.04) 4.7.3
Copyright (C) 2012 Free Software Foundation, Inc.
This is free software; see the source for copying conditions.  There is NO
warranty; not even for MERCHANTABILITY or FITNESS FOR A PARTICULAR PURPOSE.

configure:3030: $? = 0
configure:3019: g++-4.7 -v >&5
Using built-in specs.
COLLECT_GCC=g++-4.7
COLLECT_LTO_WRAPPER=/usr/lib/gcc/i686-linux-gnu/4.7/lto-wrapper
Target: i686-linux-gnu
Configured with: ../src/configure -v --with-pkgversion='Ubuntu/Linaro 4.7.3-2ubuntu1~12.04' --with-bugurl=file:///usr/share/doc/gcc-4.7/README.Bugs --enable-languages=c,c++,go,fortran,objc,obj-c++ --prefix=/usr --program-suffix=-4.7 --enable-shared --enable-linker-build-id --libexecdir=/usr/lib --without-included-gettext --enable-threads=posix --with-gxx-include-dir=/usr/include/c++/4.7 --libdir=/usr/lib --enable-nls --with-sysroot=/ --enable-clocale=gnu --enable-libstdcxx-debug --enable-libstdcxx-time=yes --enable-gnu-unique-object --enable-plugin --with-system-zlib --enable-objc-gc --enable-targets=all --enable-multiarch --disable-werror --with-arch-32=i686 --with-multilib-list=m32,m64 --with-tune=generic --enable-checking=release --build=i686-linux-gnu --host=i686-linux-gnu --target=i686-linux-gnu
Thread model: posix
gcc version 4.7.3 (Ubuntu/Linaro 4.7.3-2ubuntu1~12.04) 
configure:3030: $? = 0
configure:3019: g++-4.7 -V >&5
g++-4.7: error: unrecognized command line option '-V'
g++-4.7: fatal error: no input files
compilation terminated.
configure:3030: $? = 4
configure:3019: g++-4.7 -qversion >&5
g++-4.7: error: unrecognized command line option '-qversion'
g++-4.7: fatal error: no input files
compilation terminated.
configure:3030: $? = 4
configure:3050: checking whether the C++ compiler works
configure:3072: g++-4.7    conftest.cpp  >&5
configure:3076: $? = 0
configure:3124: result: yes
configure:3127: checking for C++ compiler default output file name
configure:3129: result: a.out
configure:3135: checking for suffix of executables
configure:3142: g++-4.7 -o conftest    conftest.cpp  >&5
configure:3146: $? = 0
configure:3168: result: 
configure:3190: checking whether we are cross compiling
configure:3198: g++-4.7 -o conftest    conftest.cpp  >&5
configure:3202: $? = 0
configure:3209: ./conftest
configure:3213: $? = 0
configure:3228: result: no
configure:3233: checking for suffix of object files
configure:3255: g++-4.7 -c   conftest.cpp >&5
configure:3259: $? = 0
configure:3280: result: o
configure:3284: checking whether we are using the GNU C++ compiler
configure:3303: g++-4.7 -c   conftest.cpp >&5
configure:3303: $? = 0
configure:3312: result: yes
configure:3321: checking whether g++-4.7 accepts -g
configure:3341: g++-4.7 -c -g  conftest.cpp >&5
configure:3341: $? = 0
configure:3382: result: yes
configure:3416: checking for style of include used by make
configure:3444: result: GNU
configure:3470: checking dependency style of g++-4.7
configure:3581: result: gcc3
configure:3602: checking how to run the C++ preprocessor
configure:3629: g++-4.7 -E  conftest.cpp
configure:3629: $? = 0
configure:3643: g++-4.7 -E  conftest.cpp
conftest.cpp:11:28: fatal error: ac_nonexistent.h: No such file or directory
compilation terminated.
configure:3643: $? = 1
configure: failed program was:
| /* confdefs.h */
| #define PACKAGE_NAME "emane-model-crc-tdma"
| #define PACKAGE_TARNAME "emane-model-crc-tdma"
| #define PACKAGE_VERSION "0.0.1"
| #define PACKAGE_STRING "emane-model-crc-tdma 0.0.1"
| #define PACKAGE_BUGREPORT "jiangxin dot hu at crc dot gc dot ca"
| #define PACKAGE_URL ""
| #define PACKAGE "emane-model-crc-tdma"
| #define VERSION "0.0.1"
| /* end confdefs.h.  */
| #include <ac_nonexistent.h>
configure:3668: result: g++-4.7 -E
configure:3688: g++-4.7 -E  conftest.cpp
configure:3688: $? = 0
configure:3702: g++-4.7 -E  conftest.cpp
conftest.cpp:11:28: fatal error: ac_nonexistent.h: No such file or directory
compilation terminated.
configure:3702: $? = 1
configure: failed program was:
| /* confdefs.h */
| #define PACKAGE_NAME "emane-model-crc-tdma"
| #define PACKAGE_TARNAME "emane-model-crc-tdma"
| #define PACKAGE_VERSION "0.0.1"
| #define PACKAGE_STRING "emane-model-crc-tdma 0.0.1"
| #define PACKAGE_BUGREPORT "jiangxin dot hu at crc dot gc dot ca"
| #define PACKAGE_URL ""
| #define PACKAGE "emane-model-crc-tdma"
| #define VERSION "0.0.1"
| /* end confdefs.h.  */
| #include <ac_nonexistent.h>
configure:3739: checking whether g++-4.7 supports C++11 features by default
configure:3765: g++-4.7 -c -g -O2  conftest.cpp >&5
conftest.cpp:15:21: error: expected identifier before 'sizeof'
conftest.cpp:15:21: error: expected ',' or '...' before 'sizeof'
conftest.cpp:15:63: error: ISO C++ forbids declaration of 'static_assert' with no type [-fpermissive]
conftest.cpp:18:29: error: '>>' should be '> >' within a nested template argument list
conftest.cpp:21:13: error: expected constructor, destructor, or type conversion before '(' token
conftest.cpp:25:15: error: expected unqualified-id before '&&' token
conftest.cpp:27:10: error: 'd' does not name a type
configure:3765: $? = 1
configure: failed program was:
| /* confdefs.h */
| #define PACKAGE_NAME "emane-model-crc-tdma"
| #define PACKAGE_TARNAME "emane-model-crc-tdma"
| #define PACKAGE_VERSION "0.0.1"
| #define PACKAGE_STRING "emane-model-crc-tdma 0.0.1"
| #define PACKAGE_BUGREPORT "jiangxin dot hu at crc dot gc dot ca"
| #define PACKAGE_URL ""
| #define PACKAGE "emane-model-crc-tdma"
| #define VERSION "0.0.1"
| /* end confdefs.h.  */
| 
|   template <typename T>
|     struct check
|     {
|       static_assert(sizeof(int) <= sizeof(T), "not big enough");
|     };
| 
|     typedef check<check<bool>> right_angle_brackets;
| 
|     int a;
|     decltype(a) b;
| 
|     typedef check<int> check_type;
|     check_type c;
|     check_type&& cr = static_cast<check_type&&>(c);
| 
|     auto d = a;
| 
configure:3772: result: no
configure:3783: checking whether g++-4.7 supports C++11 features with -std=c++11
configure:3811: g++-4.7 -c -g -O2 -std=c++11  conftest.cpp >&5
configure:3811: $? = 0
configure:3820: result: yes
configure:3861: checking build system type
configure:3875: result: i686-pc-linux-gnu
configure:3895: checking host system type
configure:3908: result: i686-pc-linux-gnu
configure:4277: checking how to print strings
configure:4304: result: printf
configure:4373: checking for gcc
configure:4389: found /usr/bin/gcc
configure:4400: result: gcc
configure:4629: checking for C compiler version
configure:4638: gcc --version >&5
gcc (Ubuntu/Linaro 4.6.3-1ubuntu5) 4.6.3
Copyright (C) 2011 Free Software Foundation, Inc.
This is free software; see the source for copying conditions.  There is NO
warranty; not even for MERCHANTABILITY or FITNESS FOR A PARTICULAR PURPOSE.

configure:4649: $? = 0
configure:4638: gcc -v >&5
Using built-in specs.
COLLECT_GCC=gcc
COLLECT_LTO_WRAPPER=/usr/lib/gcc/i686-linux-gnu/4.6/lto-wrapper
Target: i686-linux-gnu
Configured with: ../src/configure -v --with-pkgversion='Ubuntu/Linaro 4.6.3-1ubuntu5' --with-bugurl=file:///usr/share/doc/gcc-4.6/README.Bugs --enable-languages=c,c++,fortran,objc,obj-c++ --prefix=/usr --program-suffix=-4.6 --enable-shared --enable-linker-build-id --with-system-zlib --libexecdir=/usr/lib --without-included-gettext --enable-threads=posix --with-gxx-include-dir=/usr/include/c++/4.6 --libdir=/usr/lib --enable-nls --with-sysroot=/ --enable-clocale=gnu --enable-libstdcxx-debug --enable-libstdcxx-time=yes --enable-gnu-unique-object --enable-plugin --enable-objc-gc --enable-targets=all --disable-werror --with-arch-32=i686 --with-tune=generic --enable-checking=release --build=i686-linux-gnu --host=i686-linux-gnu --target=i686-linux-gnu
Thread model: posix
gcc version 4.6.3 (Ubuntu/Linaro 4.6.3-1ubuntu5) 
configure:4649: $? = 0
configure:4638: gcc -V >&5
gcc: error: unrecognized option '-V'
gcc: fatal error: no input files
compilation terminated.
configure:4649: $? = 4
configure:4638: gcc -qversion >&5
gcc: error: unrecognized option '-qversion'
gcc: fatal error: no input files
compilation terminated.
configure:4649: $? = 4
configure:4653: checking whether we are using the GNU C compiler
configure:4672: gcc -c   conftest.c >&5
configure:4672: $? = 0
configure:4681: result: yes
configure:4690: checking whether gcc accepts -g
configure:4710: gcc -c -g  conftest.c >&5
configure:4710: $? = 0
configure:4751: result: yes
configure:4768: checking for gcc option to accept ISO C89
configure:4832: gcc  -c -g -O2  conftest.c >&5
configure:4832: $? = 0
configure:4845: result: none needed
configure:4867: checking dependency style of gcc
configure:4978: result: gcc3
configure:4993: checking for a sed that does not truncate output
configure:5057: result: /bin/sed
configure:5075: checking for grep that handles long lines and -e
configure:5133: result: /bin/grep
configure:5138: checking for egrep
configure:5200: result: /bin/grep -E
configure:5205: checking for fgrep
configure:5267: result: /bin/grep -F
configure:5302: checking for ld used by gcc
configure:5369: result: /usr/bin/ld
configure:5376: checking if the linker (/usr/bin/ld) is GNU ld
configure:5391: result: yes
configure:5403: checking for BSD- or MS-compatible name lister (nm)
configure:5452: result: /usr/bin/nm -B
configure:5582: checking the name lister (/usr/bin/nm -B) interface
configure:5589: gcc -c -g -O2  conftest.c >&5
configure:5592: /usr/bin/nm -B "conftest.o"
configure:5595: output
00000000 B some_variable
configure:5602: result: BSD nm
configure:5605: checking whether ln -s works
configure:5609: result: yes
configure:5617: checking the maximum length of command line arguments
configure:5747: result: 1572864
configure:5764: checking whether the shell understands some XSI constructs
configure:5774: result: yes
configure:5778: checking whether the shell understands "+="
configure:5784: result: yes
configure:5819: checking how to convert i686-pc-linux-gnu file names to i686-pc-linux-gnu format
configure:5859: result: func_convert_file_noop
configure:5866: checking how to convert i686-pc-linux-gnu file names to toolchain format
configure:5886: result: func_convert_file_noop
configure:5893: checking for /usr/bin/ld option to reload object files
configure:5900: result: -r
configure:5974: checking for objdump
configure:6001: result: objdump
configure:6030: checking how to recognize dependent libraries
configure:6232: result: pass_all
configure:6317: checking for dlltool
configure:6344: result: dlltool
configure:6374: checking how to associate runtime and link libraries
configure:6401: result: printf %s\n
configure:6462: checking for ar
configure:6478: found /usr/bin/ar
configure:6489: result: ar
configure:6526: checking for archiver @FILE support
configure:6543: gcc -c -g -O2  conftest.c >&5
configure:6543: $? = 0
configure:6546: ar cru libconftest.a @conftest.lst >&5
configure:6549: $? = 0
configure:6554: ar cru libconftest.a @conftest.lst >&5
ar: conftest.o: No such file or directory
configure:6557: $? = 1
configure:6569: result: @
configure:6627: checking for strip
configure:6643: found /usr/bin/strip
configure:6654: result: strip
configure:6726: checking for ranlib
configure:6742: found /usr/bin/ranlib
configure:6753: result: ranlib
configure:6855: checking command to parse /usr/bin/nm -B output from gcc object
configure:6975: gcc -c -g -O2  conftest.c >&5
configure:6978: $? = 0
configure:6982: /usr/bin/nm -B conftest.o \| sed -n -e 's/^.*[ ]\([ABCDGIRSTW][ABCDGIRSTW]*\)[ ][ ]*\([_A-Za-z][_A-Za-z0-9]*\)$/\1 \2 \2/p' | sed '/ __gnu_lto/d' \> conftest.nm
configure:6985: $? = 0
configure:7051: gcc -o conftest -g -O2   conftest.c conftstm.o >&5
configure:7054: $? = 0
configure:7092: result: ok
configure:7129: checking for sysroot
configure:7159: result: no
configure:7421: checking for mt
configure:7437: found /bin/mt
configure:7448: result: mt
configure:7471: checking if mt is a manifest tool
configure:7477: mt '-?'
configure:7485: result: no
configure:8127: checking how to run the C preprocessor
configure:8158: gcc -E  conftest.c
configure:8158: $? = 0
configure:8172: gcc -E  conftest.c
conftest.c:12:28: fatal error: ac_nonexistent.h: No such file or directory
compilation terminated.
configure:8172: $? = 1
configure: failed program was:
| /* confdefs.h */
| #define PACKAGE_NAME "emane-model-crc-tdma"
| #define PACKAGE_TARNAME "emane-model-crc-tdma"
| #define PACKAGE_VERSION "0.0.1"
| #define PACKAGE_STRING "emane-model-crc-tdma 0.0.1"
| #define PACKAGE_BUGREPORT "jiangxin dot hu at crc dot gc dot ca"
| #define PACKAGE_URL ""
| #define PACKAGE "emane-model-crc-tdma"
| #define VERSION "0.0.1"
| #define HAVE_CXX11 1
| /* end confdefs.h.  */
| #include <ac_nonexistent.h>
configure:8197: result: gcc -E
configure:8217: gcc -E  conftest.c
configure:8217: $? = 0
configure:8231: gcc -E  conftest.c
conftest.c:12:28: fatal error: ac_nonexistent.h: No such file or directory
compilation terminated.
configure:8231: $? = 1
configure: failed program was:
| /* confdefs.h */
| #define PACKAGE_NAME "emane-model-crc-tdma"
| #define PACKAGE_TARNAME "emane-model-crc-tdma"
| #define PACKAGE_VERSION "0.0.1"
| #define PACKAGE_STRING "emane-model-crc-tdma 0.0.1"
| #define PACKAGE_BUGREPORT "jiangxin dot hu at crc dot gc dot ca"
| #define PACKAGE_URL ""
| #define PACKAGE "emane-model-crc-tdma"
| #define VERSION "0.0.1"
| #define HAVE_CXX11 1
| /* end confdefs.h.  */
| #include <ac_nonexistent.h>
configure:8260: checking for ANSI C header files
configure:8280: gcc -c -g -O2  conftest.c >&5
configure:8280: $? = 0
configure:8353: gcc -o conftest -g -O2   conftest.c  >&5
configure:8353: $? = 0
configure:8353: ./conftest
configure:8353: $? = 0
configure:8364: result: yes
configure:8377: checking for sys/types.h
configure:8377: gcc -c -g -O2  conftest.c >&5
configure:8377: $? = 0
configure:8377: result: yes
configure:8377: checking for sys/stat.h
configure:8377: gcc -c -g -O2  conftest.c >&5
configure:8377: $? = 0
configure:8377: result: yes
configure:8377: checking for stdlib.h
configure:8377: gcc -c -g -O2  conftest.c >&5
configure:8377: $? = 0
configure:8377: result: yes
configure:8377: checking for string.h
configure:8377: gcc -c -g -O2  conftest.c >&5
configure:8377: $? = 0
configure:8377: result: yes
configure:8377: checking for memory.h
configure:8377: gcc -c -g -O2  conftest.c >&5
configure:8377: $? = 0
configure:8377: result: yes
configure:8377: checking for strings.h
configure:8377: gcc -c -g -O2  conftest.c >&5
configure:8377: $? = 0
configure:8377: result: yes
configure:8377: checking for inttypes.h
configure:8377: gcc -c -g -O2  conftest.c >&5
configure:8377: $? = 0
configure:8377: result: yes
configure:8377: checking for stdint.h
configure:8377: gcc -c -g -O2  conftest.c >&5
configure:8377: $? = 0
configure:8377: result: yes
configure:8377: checking for unistd.h
configure:8377: gcc -c -g -O2  conftest.c >&5
configure:8377: $? = 0
configure:8377: result: yes
configure:8391: checking for dlfcn.h
configure:8391: gcc -c -g -O2  conftest.c >&5
configure:8391: $? = 0
configure:8391: result: yes
configure:8605: checking for objdir
configure:8620: result: .libs
configure:8891: checking if gcc supports -fno-rtti -fno-exceptions
configure:8909: gcc -c -g -O2  -fno-rtti -fno-exceptions conftest.c >&5
cc1: warning: command line option '-fno-rtti' is valid for C++/ObjC++ but not for C [enabled by default]
configure:8913: $? = 0
configure:8926: result: no
configure:9253: checking for gcc option to produce PIC
configure:9260: result: -fPIC -DPIC
configure:9268: checking if gcc PIC flag -fPIC -DPIC works
configure:9286: gcc -c -g -O2  -fPIC -DPIC -DPIC conftest.c >&5
configure:9290: $? = 0
configure:9303: result: yes
configure:9332: checking if gcc static flag -static works
configure:9360: result: yes
configure:9375: checking if gcc supports -c -o file.o
configure:9396: gcc -c -g -O2  -o out/conftest2.o conftest.c >&5
configure:9400: $? = 0
configure:9422: result: yes
configure:9430: checking if gcc supports -c -o file.o
configure:9477: result: yes
configure:9510: checking whether the gcc linker (/usr/bin/ld) supports shared libraries
configure:10663: result: yes
configure:10700: checking whether -lc should be explicitly linked in
configure:10708: gcc -c -g -O2  conftest.c >&5
configure:10711: $? = 0
configure:10726: gcc -shared  -fPIC -DPIC conftest.o  -v -Wl,-soname -Wl,conftest -o conftest 2\>\&1 \| /bin/grep  -lc  \>/dev/null 2\>\&1
configure:10729: $? = 0
configure:10743: result: no
configure:10903: checking dynamic linker characteristics
configure:11414: gcc -o conftest -g -O2   -Wl,-rpath -Wl,/foo conftest.c  >&5
configure:11414: $? = 0
configure:11640: result: GNU/Linux ld.so
configure:11747: checking how to hardcode library paths into programs
configure:11772: result: immediate
configure:12312: checking whether stripping libraries is possible
configure:12317: result: yes
configure:12352: checking if libtool supports shared libraries
configure:12354: result: yes
configure:12357: checking whether to build shared libraries
configure:12378: result: yes
configure:12381: checking whether to build static libraries
configure:12385: result: yes
configure:12408: checking how to run the C++ preprocessor
configure:12474: result: g++-4.7 -E
configure:12494: g++-4.7 -E  conftest.cpp
configure:12494: $? = 0
configure:12508: g++-4.7 -E  conftest.cpp
conftest.cpp:24:28: fatal error: ac_nonexistent.h: No such file or directory
compilation terminated.
configure:12508: $? = 1
configure: failed program was:
| /* confdefs.h */
| #define PACKAGE_NAME "emane-model-crc-tdma"
| #define PACKAGE_TARNAME "emane-model-crc-tdma"
| #define PACKAGE_VERSION "0.0.1"
| #define PACKAGE_STRING "emane-model-crc-tdma 0.0.1"
| #define PACKAGE_BUGREPORT "jiangxin dot hu at crc dot gc dot ca"
| #define PACKAGE_URL ""
| #define PACKAGE "emane-model-crc-tdma"
| #define VERSION "0.0.1"
| #define HAVE_CXX11 1
| #define STDC_HEADERS 1
| #define HAVE_SYS_TYPES_H 1
| #define HAVE_SYS_STAT_H 1
| #define HAVE_STDLIB_H 1
| #define HAVE_STRING_H 1
| #define HAVE_MEMORY_H 1
| #define HAVE_STRINGS_H 1
| #define HAVE_INTTYPES_H 1
| #define HAVE_STDINT_H 1
| #define HAVE_UNISTD_H 1
| #define HAVE_DLFCN_H 1
| #define LT_OBJDIR ".libs/"
| /* end confdefs.h.  */
| #include <ac_nonexistent.h>
configure:12677: checking for ld used by g++-4.7
configure:12744: result: /usr/bin/ld
configure:12751: checking if the linker (/usr/bin/ld) is GNU ld
configure:12766: result: yes
configure:12821: checking whether the g++-4.7 linker (/usr/bin/ld) supports shared libraries
configure:13826: result: yes
configure:13862: g++-4.7 -c -g -O2 -std=c++11  conftest.cpp >&5
configure:13865: $? = 0
configure:14385: checking for g++-4.7 option to produce PIC
configure:14392: result: -fPIC -DPIC
configure:14400: checking if g++-4.7 PIC flag -fPIC -DPIC works
configure:14418: g++-4.7 -c -g -O2 -std=c++11  -fPIC -DPIC -DPIC conftest.cpp >&5
configure:14422: $? = 0
configure:14435: result: yes
configure:14458: checking if g++-4.7 static flag -static works
configure:14486: result: yes
configure:14498: checking if g++-4.7 supports -c -o file.o
configure:14519: g++-4.7 -c -g -O2 -std=c++11  -o out/conftest2.o conftest.cpp >&5
configure:14523: $? = 0
configure:14545: result: yes
configure:14550: checking if g++-4.7 supports -c -o file.o
configure:14597: result: yes
configure:14627: checking whether the g++-4.7 linker (/usr/bin/ld) supports shared libraries
configure:14663: result: yes
configure:14804: checking dynamic linker characteristics
configure:15475: result: GNU/Linux ld.so
configure:15528: checking how to hardcode library paths into programs
configure:15553: result: immediate
configure:15730: checking for pkg-config
configure:15748: found /usr/bin/pkg-config
configure:15760: result: /usr/bin/pkg-config
configure:15785: checking pkg-config is at least version 0.9.0
configure:15788: result: yes
configure:15798: checking for libxml2
configure:15805: $PKG_CONFIG --exists --print-errors "libxml-2.0"
configure:15808: $? = 0
configure:15822: $PKG_CONFIG --exists --print-errors "libxml-2.0"
configure:15825: $? = 0
configure:15883: result: yes
configure:15889: checking for libemane
configure:15974: result: yes
configure:15980: checking for libuuid
configure:15987: $PKG_CONFIG --exists --print-errors "uuid"
configure:15990: $? = 0
configure:16004: $PKG_CONFIG --exists --print-errors "uuid"
configure:16007: $? = 0
configure:16065: result: yes
configure:16072: checking whether byte ordering is bigendian
configure:16087: g++-4.7 -c -g -O2 -std=c++11  conftest.cpp >&5
conftest.cpp:25:9: error: expected unqualified-id before 'not' token
configure:16087: $? = 1
configure: failed program was:
| /* confdefs.h */
| #define PACKAGE_NAME "emane-model-crc-tdma"
| #define PACKAGE_TARNAME "emane-model-crc-tdma"
| #define PACKAGE_VERSION "0.0.1"
| #define PACKAGE_STRING "emane-model-crc-tdma 0.0.1"
| #define PACKAGE_BUGREPORT "jiangxin dot hu at crc dot gc dot ca"
| #define PACKAGE_URL ""
| #define PACKAGE "emane-model-crc-tdma"
| #define VERSION "0.0.1"
| #define HAVE_CXX11 1
| #define STDC_HEADERS 1
| #define HAVE_SYS_TYPES_H 1
| #define HAVE_SYS_STAT_H 1
| #define HAVE_STDLIB_H 1
| #define HAVE_STRING_H 1
| #define HAVE_MEMORY_H 1
| #define HAVE_STRINGS_H 1
| #define HAVE_INTTYPES_H 1
| #define HAVE_STDINT_H 1
| #define HAVE_UNISTD_H 1
| #define HAVE_DLFCN_H 1
| #define LT_OBJDIR ".libs/"
| /* end confdefs.h.  */
| #ifndef __APPLE_CC__
| 	       not a universal capable compiler
| 	     #endif
| 	     typedef int dummy;
| 
configure:16132: g++-4.7 -c -g -O2 -std=c++11  conftest.cpp >&5
configure:16132: $? = 0
configure:16150: g++-4.7 -c -g -O2 -std=c++11  conftest.cpp >&5
conftest.cpp: In function 'int main()':
conftest.cpp:31:8: error: 'big' was not declared in this scope
conftest.cpp:31:12: error: expected ';' before 'endian'
configure:16150: $? = 1
configure: failed program was:
| /* confdefs.h */
| #define PACKAGE_NAME "emane-model-crc-tdma"
| #define PACKAGE_TARNAME "emane-model-crc-tdma"
| #define PACKAGE_VERSION "0.0.1"
| #define PACKAGE_STRING "emane-model-crc-tdma 0.0.1"
| #define PACKAGE_BUGREPORT "jiangxin dot hu at crc dot gc dot ca"
| #define PACKAGE_URL ""
| #define PACKAGE "emane-model-crc-tdma"
| #define VERSION "0.0.1"
| #define HAVE_CXX11 1
| #define STDC_HEADERS 1
| #define HAVE_SYS_TYPES_H 1
| #define HAVE_SYS_STAT_H 1
| #define HAVE_STDLIB_H 1
| #define HAVE_STRING_H 1
| #define HAVE_MEMORY_H 1
| #define HAVE_STRINGS_H 1
| #define HAVE_INTTYPES_H 1
| #define HAVE_STDINT_H 1
| #define HAVE_UNISTD_H 1
| #define HAVE_DLFCN_H 1
| #define LT_OBJDIR ".libs/"
| /* end confdefs.h.  */
| #include <sys/types.h>
| 		#include <sys/param.h>
| 
| int
| main ()
| {
| #if BYTE_ORDER != BIG_ENDIAN
| 		 not big endian
| 		#endif
| 
|   ;
|   return 0;
| }
configure:16278: result: no
configure:16513: creating ./config.status

## ---------------------- ##
## Running config.status. ##
## ---------------------- ##

This file was extended by emane-model-crc-tdma config.status 0.0.1, which was
generated by GNU Autoconf 2.68.  Invocation command line was

  CONFIG_FILES    = 
  CONFIG_HEADERS  = 
  CONFIG_LINKS    = 
  CONFIG_COMMANDS = 
  $ ./config.status 

on emane9

config.status:1091: creating Makefile
config.status:1091: creating src/Makefile
config.status:1263: executing depfiles commands
config.status:1263: executing libtool commands

## ---------------- ##
## Cache variables. ##
## ---------------- ##

ac_cv_build=i686-pc-linux-gnu
ac_cv_c_bigendian=no
ac_cv_c_compiler_gnu=yes
ac_cv_cxx_compiler_gnu=yes
ac_cv_env_CCC_set=
ac_cv_env_CCC_value=
ac_cv_env_CC_set=
ac_cv_env_CC_value=
ac_cv_env_CFLAGS_set=
ac_cv_env_CFLAGS_value=
ac_cv_env_CPPFLAGS_set=
ac_cv_env_CPPFLAGS_value=
ac_cv_env_CPP_set=
ac_cv_env_CPP_value=
ac_cv_env_CXXCPP_set=
ac_cv_env_CXXCPP_value=
ac_cv_env_CXXFLAGS_set=
ac_cv_env_CXXFLAGS_value=
ac_cv_env_CXX_set=set
ac_cv_env_CXX_value=g++-4.7
ac_cv_env_LDFLAGS_set=
ac_cv_env_LDFLAGS_value=
ac_cv_env_LIBS_set=
ac_cv_env_LIBS_value=
ac_cv_env_PKG_CONFIG_LIBDIR_set=
ac_cv_env_PKG_CONFIG_LIBDIR_value=
ac_cv_env_PKG_CONFIG_PATH_set=set
ac_cv_env_PKG_CONFIG_PATH_value=:/home/jhu/dev/emane/src/libemane
ac_cv_env_PKG_CONFIG_set=
ac_cv_env_PKG_CONFIG_value=
ac_cv_env_build_alias_set=
ac_cv_env_build_alias_value=
ac_cv_env_host_alias_set=
ac_cv_env_host_alias_value=
ac_cv_env_libemane_CFLAGS_set=set
ac_cv_env_libemane_CFLAGS_value='-I/home/jhu/dev/emane/include -pthread -I/usr/local/include -I/usr/include/libxml2 -I/usr/include/uuid  '
ac_cv_env_libemane_LIBS_set=set
ac_cv_env_libemane_LIBS_value='-L/home/jhu/dev/emane/src/libemane/.libs -pthread -L/usr/local/lib -lACE -lrt -ldl -lemane -lxml2 -lprotobuf -lz -lpthread -lpcre -luuid  '
ac_cv_env_libuuid_CFLAGS_set=
ac_cv_env_libuuid_CFLAGS_value=
ac_cv_env_libuuid_LIBS_set=
ac_cv_env_libuuid_LIBS_value=
ac_cv_env_libxml2_CFLAGS_set=
ac_cv_env_libxml2_CFLAGS_value=
ac_cv_env_libxml2_LIBS_set=
ac_cv_env_libxml2_LIBS_value=
ac_cv_env_target_alias_set=
ac_cv_env_target_alias_value=
ac_cv_header_dlfcn_h=yes
ac_cv_header_inttypes_h=yes
ac_cv_header_memory_h=yes
ac_cv_header_stdc=yes
ac_cv_header_stdint_h=yes
ac_cv_header_stdlib_h=yes
ac_cv_header_string_h=yes
ac_cv_header_strings_h=yes
ac_cv_header_sys_stat_h=yes
ac_cv_header_sys_types_h=yes
ac_cv_header_unistd_h=yes
ac_cv_host=i686-pc-linux-gnu
ac_cv_objext=o
ac_cv_path_EGREP='/bin/grep -E'
ac_cv_path_FGREP='/bin/grep -F'
ac_cv_path_GREP=/bin/grep
ac_cv_path_SED=/bin/sed
ac_cv_path_ac_pt_PKG_CONFIG=/usr/bin/pkg-config
ac_cv_path_install='/usr/bin/install -c'
ac_cv_path_mkdir=/bin/mkdir
ac_cv_prog_AWK=mawk
ac_cv_prog_CPP='gcc -E'
ac_cv_prog_CXXCPP='g++-4.7 -E'
ac_cv_prog_ac_ct_AR=ar
ac_cv_prog_ac_ct_CC=gcc
ac_cv_prog_ac_ct_DLLTOOL=dlltool
ac_cv_prog_ac_ct_MANIFEST_TOOL=mt
ac_cv_prog_ac_ct_OBJDUMP=objdump
ac_cv_prog_ac_ct_RANLIB=ranlib
ac_cv_prog_ac_ct_STRIP=strip
ac_cv_prog_cc_c89=
ac_cv_prog_cc_g=yes
ac_cv_prog_cxx_g=yes
ac_cv_prog_make_make_set=yes
am_cv_CC_dependencies_compiler_type=gcc3
am_cv_CXX_dependencies_compiler_type=gcc3
ax_cv_cxx_compile_cxx11=no
ax_cv_cxx_compile_cxx11__std_cpp11=yes
lt_cv_ar_at_file=@
lt_cv_archive_cmds_need_lc=no
lt_cv_deplibs_check_method=pass_all
lt_cv_file_magic_cmd='$MAGIC_CMD'
lt_cv_file_magic_test_file=
lt_cv_ld_reload_flag=-r
lt_cv_nm_interface='BSD nm'
lt_cv_objdir=.libs
lt_cv_path_LD=/usr/bin/ld
lt_cv_path_LDCXX=/usr/bin/ld
lt_cv_path_NM='/usr/bin/nm -B'
lt_cv_path_mainfest_tool=no
lt_cv_prog_compiler_c_o=yes
lt_cv_prog_compiler_c_o_CXX=yes
lt_cv_prog_compiler_pic='-fPIC -DPIC'
lt_cv_prog_compiler_pic_CXX='-fPIC -DPIC'
lt_cv_prog_compiler_pic_works=yes
lt_cv_prog_compiler_pic_works_CXX=yes
lt_cv_prog_compiler_rtti_exceptions=no
lt_cv_prog_compiler_static_works=yes
lt_cv_prog_compiler_static_works_CXX=yes
lt_cv_prog_gnu_ld=yes
lt_cv_prog_gnu_ldcxx=yes
lt_cv_sharedlib_from_linklib_cmd='printf %s\n'
lt_cv_shlibpath_overrides_runpath=no
lt_cv_sys_global_symbol_pipe='sed -n -e '\''s/^.*[	 ]\([ABCDGIRSTW][ABCDGIRSTW]*\)[	 ][	 ]*\([_A-Za-z][_A-Za-z0-9]*\)$/\1 \2 \2/p'\'' | sed '\''/ __gnu_lto/d'\'''
lt_cv_sys_global_symbol_to_c_name_address='sed -n -e '\''s/^: \([^ ]*\)[ ]*$/  {\"\1\", (void *) 0},/p'\'' -e '\''s/^[ABCDGIRSTW]* \([^ ]*\) \([^ ]*\)$/  {"\2", (void *) \&\2},/p'\'''
lt_cv_sys_global_symbol_to_c_name_address_lib_prefix='sed -n -e '\''s/^: \([^ ]*\)[ ]*$/  {\"\1\", (void *) 0},/p'\'' -e '\''s/^[ABCDGIRSTW]* \([^ ]*\) \(lib[^ ]*\)$/  {"\2", (void *) \&\2},/p'\'' -e '\''s/^[ABCDGIRSTW]* \([^ ]*\) \([^ ]*\)$/  {"lib\2", (void *) \&\2},/p'\'''
lt_cv_sys_global_symbol_to_cdecl='sed -n -e '\''s/^T .* \(.*\)$/extern int \1();/p'\'' -e '\''s/^[ABCDGIRSTW]* .* \(.*\)$/extern char \1;/p'\'''
lt_cv_sys_max_cmd_len=1572864
lt_cv_to_host_file_cmd=func_convert_file_noop
lt_cv_to_tool_file_cmd=func_convert_file_noop
pkg_cv_libemane_CFLAGS='-I/home/jhu/dev/emane/include -pthread -I/usr/local/include -I/usr/include/libxml2 -I/usr/include/uuid  '
pkg_cv_libemane_LIBS='-L/home/jhu/dev/emane/src/libemane/.libs -pthread -L/usr/local/lib -lACE -lrt -ldl -lemane -lxml2 -lprotobuf -lz -lpthread -lpcre -luuid  '
pkg_cv_libuuid_CFLAGS='-I/usr/include/uuid  '
pkg_cv_libuuid_LIBS='-luuid  '
pkg_cv_libxml2_CFLAGS='-I/usr/include/libxml2  '
pkg_cv_libxml2_LIBS='-lxml2  '

## ----------------- ##
## Output variables. ##
## ----------------- ##

ACLOCAL='${SHELL} /home/jhu/tdmaPro/emane-model-crc-tdma/missing --run aclocal-1.11'
AMDEPBACKSLASH='\'
AMDEP_FALSE='#'
AMDEP_TRUE=''
AMTAR='$${TAR-tar}'
AR='ar'
AS='as'
AUTOCONF='${SHELL} /home/jhu/tdmaPro/emane-model-crc-tdma/missing --run autoconf'
AUTOHEADER='${SHELL} /home/jhu/tdmaPro/emane-model-crc-tdma/missing --run autoheader'
AUTOMAKE='${SHELL} /home/jhu/tdmaPro/emane-model-crc-tdma/missing --run automake-1.11'
AWK='mawk'
CC='gcc'
CCDEPMODE='depmode=gcc3'
CFLAGS='-g -O2'
CPP='gcc -E'
CPPFLAGS=' -DVERBOSE_LOGGING'
CXX='g++-4.7'
CXXCPP='g++-4.7 -E'
CXXDEPMODE='depmode=gcc3'
CXXFLAGS='-g -O2 -std=c++11 -W -Wall -g0 -O3'
CYGPATH_W='echo'
DEFS='-DPACKAGE_NAME=\"emane-model-crc-tdma\" -DPACKAGE_TARNAME=\"emane-model-crc-tdma\" -DPACKAGE_VERSION=\"0.0.1\" -DPACKAGE_STRING=\"emane-model-crc-tdma\ 0.0.1\" -DPACKAGE_BUGREPORT=\"jiangxin\ dot\ hu\ at\ crc\ dot\ gc\ dot\ ca\" -DPACKAGE_URL=\"\" -DPACKAGE=\"emane-model-crc-tdma\" -DVERSION=\"0.0.1\" -DHAVE_CXX11=1 -DSTDC_HEADERS=1 -DHAVE_SYS_TYPES_H=1 -DHAVE_SYS_STAT_H=1 -DHAVE_STDLIB_H=1 -DHAVE_STRING_H=1 -DHAVE_MEMORY_H=1 -DHAVE_STRINGS_H=1 -DHAVE_INTTYPES_H=1 -DHAVE_STDINT_H=1 -DHAVE_UNISTD_H=1 -DHAVE_DLFCN_H=1 -DLT_OBJDIR=\".libs/\" -D__BYTE_ORDER=__LITTLE_ENDIAN -D__LITTLE_ENDIAN=1234 -D__BIG_ENDIAN=4321'
DEPDIR='.deps'
DLLTOOL='dlltool'
DSYMUTIL=''
DUMPBIN=''
ECHO_C=''
ECHO_N='-n'
ECHO_T=''
EGREP='/bin/grep -E'
EXEEXT=''
FGREP='/bin/grep -F'
GREP='/bin/grep'
HAVE_CXX11='1'
INSTALL_DATA='${INSTALL} -m 644'
INSTALL_PROGRAM='${INSTALL}'
INSTALL_SCRIPT='${INSTALL}'
INSTALL_STRIP_PROGRAM='$(install_sh) -c -s'
LANG='C'
LD='/usr/bin/ld'
LDFLAGS=' -lpthread -ldl'
LIBOBJS=''
LIBS=''
LIBTOOL='$(SHELL) $(top_builddir)/libtool'
LIPO=''
LN_S='ln -s'
LTLIBOBJS=''
MAKEINFO='${SHELL} /home/jhu/tdmaPro/emane-model-crc-tdma/missing --run makeinfo'
MANIFEST_TOOL=':'
MKDIR_P='/bin/mkdir -p'
NM='/usr/bin/nm -B'
NMEDIT=''
OBJDUMP='objdump'
OBJEXT='o'
OTOOL64=''
OTOOL=''
PACKAGE='emane-model-crc-tdma'
PACKAGE_BUGREPORT='jiangxin dot hu at crc dot gc dot ca'
PACKAGE_NAME='emane-model-crc-tdma'
PACKAGE_STRING='emane-model-crc-tdma 0.0.1'
PACKAGE_TARNAME='emane-model-crc-tdma'
PACKAGE_URL=''
PACKAGE_VERSION='0.0.1'
PATH_SEPARATOR=':'
PKG_CONFIG='/usr/bin/pkg-config'
PKG_CONFIG_LIBDIR=''
PKG_CONFIG_PATH=':/home/jhu/dev/emane/src/libemane'
RANLIB='ranlib'
SED='/bin/sed'
SET_MAKE=''
SHELL='/bin/bash'
STRIP='strip'
VERSION='0.0.1'
WITH_TESTCASES_FALSE=''
WITH_TESTCASES_TRUE='#'
ac_ct_AR='ar'
ac_ct_CC='gcc'
ac_ct_CXX=''
ac_ct_DUMPBIN=''
am__EXEEXT_FALSE=''
am__EXEEXT_TRUE='#'
am__fastdepCC_FALSE='#'
am__fastdepCC_TRUE=''
am__fastdepCXX_FALSE='#'
am__fastdepCXX_TRUE=''
am__include='include'
am__isrc=''
am__leading_dot='.'
am__nodep='_no'
am__quote=''
am__tar='$${TAR-tar} chof - "$$tardir"'
am__untar='$${TAR-tar} xf -'
bindir='${exec_prefix}/bin'
build='i686-pc-linux-gnu'
build_alias=''
build_cpu='i686'
build_os='linux-gnu'
build_vendor='pc'
datadir='${datarootdir}'
datarootdir='${prefix}/share'
docdir='${datarootdir}/doc/${PACKAGE_TARNAME}'
dvidir='${docdir}'
exec_prefix='${prefix}'
host='i686-pc-linux-gnu'
host_alias=''
host_cpu='i686'
host_os='linux-gnu'
host_vendor='pc'
htmldir='${docdir}'
includedir='${prefix}/include'
infodir='${datarootdir}/info'
install_sh='${SHELL} /home/jhu/tdmaPro/emane-model-crc-tdma/install-sh'
libdir='${exec_prefix}/lib'
libemane_CFLAGS='-I/home/jhu/dev/emane/include -pthread -I/usr/local/include -I/usr/include/libxml2 -I/usr/include/uuid  '
libemane_LIBS='-L/home/jhu/dev/emane/src/libemane/.libs -pthread -L/usr/local/lib -lACE -lrt -ldl -lemane -lxml2 -lprotobuf -lz -lpthread -lpcre -luuid  '
libexecdir='${exec_prefix}/libexec'
libuuid_CFLAGS='-I/usr/include/uuid  '
libuuid_LIBS='-luuid  '
libxml2_CFLAGS='-I/usr/include/libxml2  '
libxml2_LIBS='-lxml2  '
localedir='${datarootdir}/locale'
localstatedir='${prefix}/var'
mandir='${datarootdir}/man'
mkdir_p='/bin/mkdir -p'
oldincludedir='/usr/include'
pdfdir='${docdir}'
prefix='/usr/local'
program_transform_name='s,x,x,'
psdir='${docdir}'
sbindir='${exec_prefix}/sbin'
sharedstatedir='${prefix}/com'
sysconfdir='${prefix}/etc'
target_alias=''

## ----------- ##
## confdefs.h. ##
## ----------- ##

/* confdefs.h */
#define PACKAGE_NAME "emane-model-crc-tdma"
#define PACKAGE_TARNAME "emane-model-crc-tdma"
#define PACKAGE_VERSION "0.0.1"
#define PACKAGE_STRING "emane-model-crc-tdma 0.0.1"
#define PACKAGE_BUGREPORT "jiangxin dot hu at crc dot gc dot ca"
#define PACKAGE_URL ""
#define PACKAGE "emane-model-crc-tdma"
#define VERSION "0.0.1"
#define HAVE_CXX11 1
#define STDC_HEADERS 1
#define HAVE_SYS_TYPES_H 1
#define HAVE_SYS_STAT_H 1
#define HAVE_STDLIB_H 1
#define HAVE_STRING_H 1
#define HAVE_MEMORY_H 1
#define HAVE_STRINGS_H 1
#define HAVE_INTTYPES_H 1
#define HAVE_STDINT_H 1
#define HAVE_UNISTD_H 1
#define HAVE_DLFCN_H 1
#define LT_OBJDIR ".libs/"
#define __BYTE_ORDER __LITTLE_ENDIAN
#define __LITTLE_ENDIAN 1234
#define __BIG_ENDIAN 4321

configure: exit 0
